  Fscrine(ADT).cpp
c:\program files (x86)\windows kits\8.1\include\um\wincon.h(118): warning C4005: 'MOUSE_MOVED': 매크로 재정의
  c:\pdcurses\curses.h(157): note: 'MOUSE_MOVED'의 이전 정의를 참조하십시오.
c:\users\명학\documents\visual studio 2015\projects\tetris_complete\tetris_complete\fscrine.h(75): error C2059: 구문 오류: '상수'
c:\users\명학\documents\visual studio 2015\projects\tetris_complete\tetris_complete\fscrine(adt).cpp(255): warning C4244: '인수': 'double'에서 'const time_t'(으)로 변환하면서 데이터가 손실될 수 있습니다.
c:\users\명학\documents\visual studio 2015\projects\tetris_complete\tetris_complete\fscrine(adt).cpp(257): warning C4244: '인수': 'double'에서 'const time_t'(으)로 변환하면서 데이터가 손실될 수 있습니다.
  코드를 생성하고 있습니다...
  컴파일하고 있습니다...
  block.cpp
c:\program files (x86)\windows kits\8.1\include\um\wincon.h(118): warning C4005: 'MOUSE_MOVED': 매크로 재정의
  c:\pdcurses\curses.h(157): note: 'MOUSE_MOVED'의 이전 정의를 참조하십시오.
c:\users\명학\documents\visual studio 2015\projects\tetris_complete\tetris_complete\fscrine.h(75): error C2059: 구문 오류: '상수'
  코드를 생성하고 있습니다...
  컴파일하고 있습니다...
  tetris.cpp
c:\program files (x86)\windows kits\8.1\include\um\wincon.h(118): warning C4005: 'MOUSE_MOVED': 매크로 재정의
  c:\pdcurses\curses.h(157): note: 'MOUSE_MOVED'의 이전 정의를 참조하십시오.
c:\users\명학\documents\visual studio 2015\projects\tetris_complete\tetris_complete\fscrine.h(75): error C2059: 구문 오류: '상수'
c:\users\명학\documents\visual studio 2015\projects\tetris_complete\tetris_complete\tetris.cpp(38): warning C4244: '인수': 'time_t'에서 'unsigned int'(으)로 변환하면서 데이터가 손실될 수 있습니다.
  코드를 생성하고 있습니다...
